<?xml version="1.0" encoding="UTF-8"?>
<testng-results ignored="0" total="1" passed="1" failed="0" skipped="0">
  <reporter-output>
  </reporter-output>
  <suite started-at="2024-12-20T11:26:41 IST" name="Default suite" finished-at="2024-12-20T11:27:51 IST" duration-ms="70190">
    <groups>
    </groups>
    <test started-at="2024-12-20T11:26:41 IST" name="Default test" finished-at="2024-12-20T11:27:51 IST" duration-ms="70190">
      <class name="rahulshettyacademy.MobileBrowserTests">
        <test-method is-config="true" signature="configAppium()[pri:0, instance:rahulshettyacademy.MobileBrowserTests@7674f035]" started-at="2024-12-20T11:26:41 IST" name="configAppium" finished-at="2024-12-20T11:27:25 IST" duration-ms="43803" status="PASS">
          <reporter-output>
          </reporter-output>
        </test-method> <!-- configAppium -->
        <test-method signature="browserTest()[pri:0, instance:rahulshettyacademy.MobileBrowserTests@7674f035]" started-at="2024-12-20T11:27:25 IST" name="browserTest" finished-at="2024-12-20T11:27:50 IST" duration-ms="25435" status="PASS">
          <reporter-output>
          </reporter-output>
        </test-method> <!-- browserTest -->
        <test-method is-config="true" signature="tearDown()[pri:0, instance:rahulshettyacademy.MobileBrowserTests@7674f035]" started-at="2024-12-20T11:27:50 IST" name="tearDown" finished-at="2024-12-20T11:27:51 IST" duration-ms="900" status="PASS">
          <reporter-output>
          </reporter-output>
        </test-method> <!-- tearDown -->
      </class> <!-- rahulshettyacademy.MobileBrowserTests -->
    </test> <!-- Default test -->
  </suite> <!-- Default suite -->
</testng-results>
